Logfile initialized
[INFO] logfile = /Users/trung/dev/test_projects/YahooHackTitanium/build.log
[DEBUG] /Users/trung/Library/Application Support/Titanium/mobilesdk/osx/3.1.3.GA/android/builder.py install Short Stop /Users/trung/Documents/android-sdk-macosx /Users/trung/dev/test_projects/YahooHackTitanium com.ashortstop 2
[INFO] plugin=/Users/trung/Library/Application Support/Titanium/plugins/ti.alloy/1.0/plugin.py
[INFO] Detected compiler plugin: ti.alloy/1.0
[INFO] Titanium SDK version: 3.1.3 (09/18/13 12:00 222f4d1)
[DEBUG] Waiting for device to be ready ...
[TRACE] adb devices returned 1 devices/emulators
[DEBUG] Device connected... (waited 0 seconds)
[DEBUG] waited 0.180953 seconds on emulator to get ready
[DEBUG] com.ashortstop installed? False
[INFO] Copying CommonJS modules...
[INFO] Copying project resources..
[INFO] Detected change in tiapp.xml, or assets deleted. Forcing full re-build...
[TRACE] COPYING CREATED FILE: /Users/trung/dev/test_projects/YahooHackTitanium/Resources/alloy/backbone.js => /Users/trung/dev/test_projects/YahooHackTitanium/build/android/bin/assets/Resources/alloy/backbone.js
[TRACE] COPYING CREATED FILE: /Users/trung/dev/test_projects/YahooHackTitanium/Resources/alloy/constants.js => /Users/trung/dev/test_projects/YahooHackTitanium/build/android/bin/assets/Resources/alloy/constants.js
[TRACE] COPYING CREATED FILE: /Users/trung/dev/test_projects/YahooHackTitanium/Resources/alloy/controllers/BaseController.js => /Users/trung/dev/test_projects/YahooHackTitanium/build/android/bin/assets/Resources/alloy/controllers/BaseController.js
[TRACE] COPYING CREATED FILE: /Users/trung/dev/test_projects/YahooHackTitanium/Resources/alloy/controllers/index.js => /Users/trung/dev/test_projects/YahooHackTitanium/build/android/bin/assets/Resources/alloy/controllers/index.js
[TRACE] COPYING CREATED FILE: /Users/trung/dev/test_projects/YahooHackTitanium/Resources/alloy/controllers/win1content.js => /Users/trung/dev/test_projects/YahooHackTitanium/build/android/bin/assets/Resources/alloy/controllers/win1content.js
[TRACE] COPYING CREATED FILE: /Users/trung/dev/test_projects/YahooHackTitanium/Resources/alloy/controllers/win2.js => /Users/trung/dev/test_projects/YahooHackTitanium/build/android/bin/assets/Resources/alloy/controllers/win2.js
[TRACE] COPYING CREATED FILE: /Users/trung/dev/test_projects/YahooHackTitanium/Resources/alloy/styles/index.js => /Users/trung/dev/test_projects/YahooHackTitanium/build/android/bin/assets/Resources/alloy/styles/index.js
[TRACE] COPYING CREATED FILE: /Users/trung/dev/test_projects/YahooHackTitanium/Resources/alloy/styles/win1content.js => /Users/trung/dev/test_projects/YahooHackTitanium/build/android/bin/assets/Resources/alloy/styles/win1content.js
[TRACE] COPYING CREATED FILE: /Users/trung/dev/test_projects/YahooHackTitanium/Resources/alloy/styles/win2.js => /Users/trung/dev/test_projects/YahooHackTitanium/build/android/bin/assets/Resources/alloy/styles/win2.js
[TRACE] COPYING CREATED FILE: /Users/trung/dev/test_projects/YahooHackTitanium/Resources/alloy/sync/localStorage.js => /Users/trung/dev/test_projects/YahooHackTitanium/build/android/bin/assets/Resources/alloy/sync/localStorage.js
[TRACE] COPYING CREATED FILE: /Users/trung/dev/test_projects/YahooHackTitanium/Resources/alloy/sync/properties.js => /Users/trung/dev/test_projects/YahooHackTitanium/build/android/bin/assets/Resources/alloy/sync/properties.js
[TRACE] COPYING CREATED FILE: /Users/trung/dev/test_projects/YahooHackTitanium/Resources/alloy/sync/sql.js => /Users/trung/dev/test_projects/YahooHackTitanium/build/android/bin/assets/Resources/alloy/sync/sql.js
[TRACE] COPYING CREATED FILE: /Users/trung/dev/test_projects/YahooHackTitanium/Resources/alloy/sync/util.js => /Users/trung/dev/test_projects/YahooHackTitanium/build/android/bin/assets/Resources/alloy/sync/util.js
[TRACE] COPYING CREATED FILE: /Users/trung/dev/test_projects/YahooHackTitanium/Resources/alloy/underscore.js => /Users/trung/dev/test_projects/YahooHackTitanium/build/android/bin/assets/Resources/alloy/underscore.js
[TRACE] COPYING CREATED FILE: /Users/trung/dev/test_projects/YahooHackTitanium/Resources/alloy/widget.js => /Users/trung/dev/test_projects/YahooHackTitanium/build/android/bin/assets/Resources/alloy/widget.js
[TRACE] COPYING CREATED FILE: /Users/trung/dev/test_projects/YahooHackTitanium/Resources/alloy.js => /Users/trung/dev/test_projects/YahooHackTitanium/build/android/bin/assets/Resources/alloy.js
[TRACE] COPYING CREATED FILE: /Users/trung/dev/test_projects/YahooHackTitanium/Resources/android/1_navigation_refresh.png => /Users/trung/dev/test_projects/YahooHackTitanium/build/android/bin/assets/Resources/1_navigation_refresh.png
[TRACE] COPYING CREATED FILE: /Users/trung/dev/test_projects/YahooHackTitanium/Resources/android/2_action_settings.png => /Users/trung/dev/test_projects/YahooHackTitanium/build/android/bin/assets/Resources/2_action_settings.png
[TRACE] COPYING CREATED FILE: /Users/trung/dev/test_projects/YahooHackTitanium/Resources/android/alloy/CFG.js => /Users/trung/dev/test_projects/YahooHackTitanium/build/android/bin/assets/Resources/alloy/CFG.js
[TRACE] COPYING CREATED FILE: /Users/trung/dev/test_projects/YahooHackTitanium/Resources/android/appicon.png => /Users/trung/dev/test_projects/YahooHackTitanium/build/android/bin/assets/Resources/appicon.png
[TRACE] COPYING CREATED FILE: /Users/trung/dev/test_projects/YahooHackTitanium/Resources/android/default.png => /Users/trung/dev/test_projects/YahooHackTitanium/build/android/bin/assets/Resources/default.png
[TRACE] COPYING CREATED FILE: /Users/trung/dev/test_projects/YahooHackTitanium/Resources/android/images/1_navigation_refresh.png => /Users/trung/dev/test_projects/YahooHackTitanium/build/android/bin/assets/Resources/images/1_navigation_refresh.png
[TRACE] COPYING CREATED FILE: /Users/trung/dev/test_projects/YahooHackTitanium/Resources/app.js => /Users/trung/dev/test_projects/YahooHackTitanium/build/android/bin/assets/Resources/app.js
[TRACE] COPYING CREATED FILE: /Users/trung/dev/test_projects/YahooHackTitanium/Resources/xpng.js => /Users/trung/dev/test_projects/YahooHackTitanium/build/android/bin/assets/Resources/xpng.js
[DEBUG] LiveView not enabled
[TRACE] Generating Java Classes
[DEBUG] Processing Android resource drawables
[DEBUG] app stylesheet => /Users/trung/dev/test_projects/YahooHackTitanium/build/android/gen/com/ashortstop/ApplicationStylesheet.java
[DEBUG] copying app icon: /Users/trung/dev/test_projects/YahooHackTitanium/build/android/bin/assets/Resources/appicon.png
[DEBUG] generating theme.xml
[DEBUG] found drawable-long-land-hdpi splash screen at /Users/trung/dev/test_projects/YahooHackTitanium/Resources/android/images/res-long-land-hdpi/default.png
[DEBUG] copying /Users/trung/dev/test_projects/YahooHackTitanium/Resources/android/images/res-long-land-hdpi/default.png splash screen to /Users/trung/dev/test_projects/YahooHackTitanium/build/android/res/drawable-long-land-hdpi/background.png
[DEBUG] found drawable-long-land-ldpi splash screen at /Users/trung/dev/test_projects/YahooHackTitanium/Resources/android/images/res-long-land-ldpi/default.png
[DEBUG] copying /Users/trung/dev/test_projects/YahooHackTitanium/Resources/android/images/res-long-land-ldpi/default.png splash screen to /Users/trung/dev/test_projects/YahooHackTitanium/build/android/res/drawable-long-land-ldpi/background.png
[DEBUG] found drawable-long-port-hdpi splash screen at /Users/trung/dev/test_projects/YahooHackTitanium/Resources/android/images/res-long-port-hdpi/default.png
[DEBUG] copying /Users/trung/dev/test_projects/YahooHackTitanium/Resources/android/images/res-long-port-hdpi/default.png splash screen to /Users/trung/dev/test_projects/YahooHackTitanium/build/android/res/drawable-long-port-hdpi/background.png
[DEBUG] found drawable-long-port-ldpi splash screen at /Users/trung/dev/test_projects/YahooHackTitanium/Resources/android/images/res-long-port-ldpi/default.png
[DEBUG] copying /Users/trung/dev/test_projects/YahooHackTitanium/Resources/android/images/res-long-port-ldpi/default.png splash screen to /Users/trung/dev/test_projects/YahooHackTitanium/build/android/res/drawable-long-port-ldpi/background.png
[DEBUG] found drawable-notlong-land-hdpi splash screen at /Users/trung/dev/test_projects/YahooHackTitanium/Resources/android/images/res-notlong-land-hdpi/default.png
[DEBUG] copying /Users/trung/dev/test_projects/YahooHackTitanium/Resources/android/images/res-notlong-land-hdpi/default.png splash screen to /Users/trung/dev/test_projects/YahooHackTitanium/build/android/res/drawable-notlong-land-hdpi/background.png
[DEBUG] found drawable-notlong-land-ldpi splash screen at /Users/trung/dev/test_projects/YahooHackTitanium/Resources/android/images/res-notlong-land-ldpi/default.png
[DEBUG] copying /Users/trung/dev/test_projects/YahooHackTitanium/Resources/android/images/res-notlong-land-ldpi/default.png splash screen to /Users/trung/dev/test_projects/YahooHackTitanium/build/android/res/drawable-notlong-land-ldpi/background.png
[DEBUG] found drawable-notlong-land-mdpi splash screen at /Users/trung/dev/test_projects/YahooHackTitanium/Resources/android/images/res-notlong-land-mdpi/default.png
[DEBUG] copying /Users/trung/dev/test_projects/YahooHackTitanium/Resources/android/images/res-notlong-land-mdpi/default.png splash screen to /Users/trung/dev/test_projects/YahooHackTitanium/build/android/res/drawable-notlong-land-mdpi/background.png
[DEBUG] found drawable-notlong-port-hdpi splash screen at /Users/trung/dev/test_projects/YahooHackTitanium/Resources/android/images/res-notlong-port-hdpi/default.png
[DEBUG] copying /Users/trung/dev/test_projects/YahooHackTitanium/Resources/android/images/res-notlong-port-hdpi/default.png splash screen to /Users/trung/dev/test_projects/YahooHackTitanium/build/android/res/drawable-notlong-port-hdpi/background.png
[DEBUG] found drawable-notlong-port-ldpi splash screen at /Users/trung/dev/test_projects/YahooHackTitanium/Resources/android/images/res-notlong-port-ldpi/default.png
[DEBUG] copying /Users/trung/dev/test_projects/YahooHackTitanium/Resources/android/images/res-notlong-port-ldpi/default.png splash screen to /Users/trung/dev/test_projects/YahooHackTitanium/build/android/res/drawable-notlong-port-ldpi/background.png
[DEBUG] found drawable-notlong-port-mdpi splash screen at /Users/trung/dev/test_projects/YahooHackTitanium/Resources/android/images/res-notlong-port-mdpi/default.png
[DEBUG] copying /Users/trung/dev/test_projects/YahooHackTitanium/Resources/android/images/res-notlong-port-mdpi/default.png splash screen to /Users/trung/dev/test_projects/YahooHackTitanium/build/android/res/drawable-notlong-port-mdpi/background.png
[DEBUG] found splash screen at /Users/trung/dev/test_projects/YahooHackTitanium/build/android/bin/assets/Resources/default.png
[TRACE] Writing out AndroidManifest.xml
[DEBUG] adding /Users/trung/dev/test_projects/YahooHackTitanium/build/android/gen/com/ashortstop/ApplicationStylesheet.java to javac build list
[DEBUG] adding /Users/trung/dev/test_projects/YahooHackTitanium/build/android/gen/com/ashortstop/R.java to javac build list
[DEBUG] adding /Users/trung/dev/test_projects/YahooHackTitanium/build/android/gen/com/ashortstop/ShortStopActivity.java to javac build list
[DEBUG] adding /Users/trung/dev/test_projects/YahooHackTitanium/build/android/gen/com/ashortstop/ShortStopAppInfo.java to javac build list
[DEBUG] adding /Users/trung/dev/test_projects/YahooHackTitanium/build/android/gen/com/ashortstop/ShortStopApplication.java to javac build list
[DEBUG] Building Java Sources: "/Users/trung/dev/test_projects/YahooHackTitanium/build/android/gen/com/ashortstop/ApplicationStylesheet.java" "/Users/trung/dev/test_projects/YahooHackTitanium/build/android/gen/com/ashortstop/R.java" "/Users/trung/dev/test_projects/YahooHackTitanium/build/android/gen/com/ashortstop/ShortStopActivity.java" "/Users/trung/dev/test_projects/YahooHackTitanium/build/android/gen/com/ashortstop/ShortStopAppInfo.java" "/Users/trung/dev/test_projects/YahooHackTitanium/build/android/gen/com/ashortstop/ShortStopApplication.java"
[INFO] Compiling Android Resources... This could take some time
[ERROR] System Error while compiling Android classes.dex
